<?xml version="1.0" encoding="UTF-8"?>
<testng-results ignored="0" total="1" passed="1" failed="0" skipped="0">
  <reporter-output>
  </reporter-output>
  <suite started-at="2024-03-07T17:24:49 IST" name="Default suite" finished-at="2024-03-07T17:25:01 IST" duration-ms="12281">
    <groups>
    </groups>
    <test started-at="2024-03-07T17:24:49 IST" name="Default test" finished-at="2024-03-07T17:25:01 IST" duration-ms="12281">
      <class name="base.ProductsTestPage">
        <test-method is-config="true" signature="launchBrowser()[pri:0, instance:base.ProductsTestPage@2a3b5b47]" started-at="2024-03-07T17:24:49 IST" name="launchBrowser" finished-at="2024-03-07T17:24:52 IST" duration-ms="3174" status="PASS">
          <reporter-output>
          </reporter-output>
        </test-method> <!-- launchBrowser -->
        <test-method signature="TestSearchProduct()[pri:0, instance:base.ProductsTestPage@2a3b5b47]" started-at="2024-03-07T17:24:52 IST" name="TestSearchProduct" finished-at="2024-03-07T17:25:01 IST" duration-ms="9071" status="PASS">
          <reporter-output>
          </reporter-output>
        </test-method> <!-- TestSearchProduct -->
      </class> <!-- base.ProductsTestPage -->
    </test> <!-- Default test -->
  </suite> <!-- Default suite -->
</testng-results>
